guacd[118016]: INFO:	Guacamole proxy daemon (guacd) version 1.6.1-win32 started
guacd[118016]: DEBUG:	Successfully bound AF_INET socket to host 0.0.0.0, port 4822
guacd[118016]: INFO:	prctl not available on this platform. Orphan child processes may pile up in the process table.
guacd[118016]: INFO:	Listening on host 0.0.0.0, port 4822
DEBUG: select() returned 1 (err=0)
DEBUG: Calling accept() on fd=526732...
DEBUG: accept() returned 526736 (err=0)
guacd[118016]: DEBUG:	accept() returned fd=526736
guacd[118016]: DEBUG:	Connection thread started, fd=526736
guacd[118016]: INFO:	Creating new client for protocol "rdp"
guacd[118016]: DEBUG:	proc_thread: starting for protocol 'rdp', proc_fd=526772
guacd[118016]: INFO:	Connection ID is "$b0ac9dcd-bcc5-4403-9340-46b6ccfc3566"
guacd[118016]: DEBUG:	io_read_thread: started fd=526812
guacd[118016]: DEBUG:	exec_proc: loading plugin for 'rdp'
guacd[118016]: DEBUG:	io_write_thread: started fd=526812
guacd[118016]: DEBUG:	exec_proc: entering recv_fd loop, fd_src=526772
guacd[118016]: DEBUG:	exec_proc: received fd=526816, adding user
guacd[118016]: DEBUG:	user_thread: started fd=526816 owner=1
guacd[118016]: DEBUG:	user_thread: socket opened, starting handshake
guacd[118016]: DEBUG:	user_thread: test send() returned 13 (err=0)
guacd[118016]: DEBUG:	io_read_thread: recv returned 13
