guacd[129152]: INFO:	Guacamole proxy daemon (guacd) version 1.6.1-win32 started
guacd[129152]: DEBUG:	Successfully bound AF_INET socket to host 0.0.0.0, port 4822
guacd[129152]: INFO:	prctl not available on this platform. Orphan child processes may pile up in the process table.
guacd[129152]: INFO:	Listening on host 0.0.0.0, port 4822
DEBUG: select() returned 1 (err=0)
DEBUG: Calling accept() on fd=526728...
DEBUG: accept() returned 526732 (err=0)
guacd[129152]: DEBUG:	accept() returned fd=526732
guacd[129152]: DEBUG:	Connection thread started, fd=526732
guacd[129152]: INFO:	Creating new client for protocol "rdp"
guacd[129152]: DEBUG:	proc_thread: starting for protocol 'rdp', proc_fd=526776
guacd[129152]: INFO:	Connection ID is "$9c17a3d2-9dbd-45fb-a023-34699c05cd26"
guacd[129152]: DEBUG:	io_read_thread: started fd=526840
guacd[129152]: DEBUG:	exec_proc: loading plugin for 'rdp'
guacd[129152]: DEBUG:	io_write_thread: started fd=526840
guacd[129152]: DEBUG:	exec_proc: entering recv_fd loop, fd_src=526776
guacd[129152]: DEBUG:	exec_proc: received fd=526844, adding user
guacd[129152]: DEBUG:	user_thread: started fd=526844 owner=1
guacd[129152]: DEBUG:	user_thread: socket opened, starting handshake
guacd[129152]: DEBUG:	io_read_thread: recv returned 1649
guacd[129152]: DEBUG:	io_read_thread: wrote 1649 bytes to client, flush=0
guacd[129152]: DEBUG:	io_read_thread: recv returned 49
guacd[129152]: DEBUG:	Parameter "console-audio" omitted. Using default value of 0.
guacd[129152]: DEBUG:	Parameter "cert-tofu" omitted. Using default value of 0.
guacd[129152]: DEBUG:	io_read_thread: wrote 49 bytes to client, flush=0
guacd[129152]: DEBUG:	Parameter "cert-fingerprints" omitted. No default value provided.
guacd[129152]: INFO:	Security mode: Negotiate (ANY)
guacd[129152]: DEBUG:	Parameter "timeout" omitted. Using default value of 10.
guacd[129152]: DEBUG:	User resolution is 0x0 at 0 DPI
